<?xml version="1.0" encoding="UTF-8"?>
<testsuite name="com.example.a1024.ExampleUnitTest" tests="1" skipped="0" failures="0" errors="0" timestamp="2021-04-25T13:16:35" hostname="DESKTOP-KOOPO0S" time="0.001">
  <properties/>
  <testcase name="addition_isCorrect" classname="com.example.a1024.ExampleUnitTest" time="0.001"/>
  <system-out><![CDATA[]]></system-out>
  <system-err><![CDATA[]]></system-err>
</testsuite>
